<?xml version="1.0" encoding="UTF-8"?>
<!-- Generated by org.testng.reporters.JUnitXMLReporter -->
<testsuite ignored="2" hostname="Ashish" failures="1" tests="4" name="Test" time="61.709" errors="0" timestamp="2025-05-20T18:10:47 IST">
  <testcase classname="InventoryTests.AddLowestPriceProductToCart" name="TC_01_AddLowestPrciceProductToCartTest" time="1.031"/>
  <testcase classname="InventoryTests.AddLowestPriceProductToCart" name="sample" time="0.01">
    <failure type="java.lang.AssertionError" message="null">
      <![CDATA[java.lang.AssertionError: null
at InventoryTests.AddLowestPriceProductToCart.sample(AddLowestPriceProductToCart.java:54)
at java.base/java.util.ArrayList.forEach(ArrayList.java:1511)
... Removed 29 stack frames]]>
    </failure>
  </testcase> <!-- sample -->
  <testcase classname="InventoryTests.AddProductToCart" name="TC_01_AddProductToCartTest" time="0.296"/>
  <testcase classname="InventoryTests.AddProductToCart" name="sample" time="0.006"/>
  <testcase classname="GenericUtilities.BaseClass" name="@AfterSuite asconfig" time="0.0">
    <ignored/>
  </testcase> <!-- @AfterSuite asconfig -->
  <testcase classname="GenericUtilities.BaseClass" name="@BeforeSuite bsconfig" time="0.0">
    <ignored/>
  </testcase> <!-- @BeforeSuite bsconfig -->
</testsuite> <!-- Test -->
