<?xml version="1.0" encoding="UTF-8"?>
<!-- Generated by org.testng.reporters.JUnitXMLReporter -->
<testsuite ignored="1" hostname="Ashish" failures="1" tests="1" name="Test(failed)" time="7.015" errors="0" timestamp="2025-05-07T16:27:02 IST">
  <testcase classname="InventoryTests.AddLowestPriceProductToCart" name="sample" time="0.019">
    <failure type="java.lang.AssertionError" message="null">
      <![CDATA[java.lang.AssertionError: null
at InventoryTests.AddLowestPriceProductToCart.sample(AddLowestPriceProductToCart.java:60)
at java.base/java.util.ArrayList.forEach(ArrayList.java:1541)
... Removed 29 stack frames]]>
    </failure>
  </testcase> <!-- sample -->
  <testcase classname="InventoryTests.AddLowestPriceProductToCart" name="TC_01_AddLowestPrciceProductToCartTest" time="0.0">
    <ignored/>
  </testcase> <!-- TC_01_AddLowestPrciceProductToCartTest -->
</testsuite> <!-- Test(failed) -->
